<?xml version="1.0" encoding="UTF-8"?>
<testsuite name="FirstRestTest.posts.1"
           tests="1"
           failures="1"
           errors="0"
           skipped="0"
           time="0.076">
  <properties />
            <testcase name="runTest" time="0.076" classname="com.gorski.apiproof.TestCases.FirstRestTest">
                <failure type="java.lang.NoClassDefFoundError"
                  message="com/fasterxml/jackson/annotation/JsonView"
              >
<![CDATA[java.lang.NoClassDefFoundError: com/fasterxml/jackson/annotation/JsonView
  com.fasterxml.jackson.databind.introspect.JacksonAnnotationIntrospector.<clinit>(JacksonAnnotationIntrospector.java:37)
  com.fasterxml.jackson.databind.ObjectMapper.<clinit>(ObjectMapper.java:291)
  com.gorski.apiproof.JavaToJson.buildMapper(JavaToJson.java:57)
  com.gorski.apiproof.JavaToJson.genericPost(JavaToJson.java:70)
  com.gorski.apiproof.TestCases.FirstRestTest.runTest(FirstRestTest.java:25)
  sun.reflect.NativeMethodAccessorImpl.invoke0(Native Method)
  sun.reflect.NativeMethodAccessorImpl.invoke(Unknown Source)
  sun.reflect.DelegatingMethodAccessorImpl.invoke(Unknown Source)
  java.lang.reflect.Method.invoke(Unknown Source)
  org.testng.internal.MethodInvocationHelper.invokeMethod(MethodInvocationHelper.java:85)
  org.testng.internal.Invoker.invokeMethod(Invoker.java:639)
  org.testng.internal.Invoker.invokeTestMethod(Invoker.java:816)
  org.testng.internal.Invoker.invokeTestMethods(Invoker.java:1124)
  org.testng.internal.TestMethodWorker.invokeTestMethods(TestMethodWorker.java:125)
  org.testng.internal.TestMethodWorker.run(TestMethodWorker.java:108)
  org.testng.TestRunner.privateRun(TestRunner.java:774)
  org.testng.TestRunner.run(TestRunner.java:624)
  org.testng.SuiteRunner.runTest(SuiteRunner.java:359)
  org.testng.SuiteRunner.runSequentially(SuiteRunner.java:354)
  org.testng.SuiteRunner.privateRun(SuiteRunner.java:312)
  org.testng.SuiteRunner.run(SuiteRunner.java:261)
  org.testng.SuiteRunnerWorker.runSuite(SuiteRunnerWorker.java:52)
  org.testng.SuiteRunnerWorker.run(SuiteRunnerWorker.java:86)
  org.testng.TestNG.runSuitesSequentially(TestNG.java:1215)
  org.testng.TestNG.runSuitesLocally(TestNG.java:1140)
  org.testng.TestNG.run(TestNG.java:1048)
  com.gorski.apiproof.RestTestDriver.main(RestTestDriver.java:122)
Caused by: java.lang.ClassNotFoundException: com.fasterxml.jackson.annotation.JsonView
  java.net.URLClassLoader.findClass(Unknown Source)
  java.lang.ClassLoader.loadClass(Unknown Source)
  sun.misc.Launcher$AppClassLoader.loadClass(Unknown Source)
  java.lang.ClassLoader.loadClass(Unknown Source)
  com.fasterxml.jackson.databind.introspect.JacksonAnnotationIntrospector.<clinit>(JacksonAnnotationIntrospector.java:37)
  com.fasterxml.jackson.databind.ObjectMapper.<clinit>(ObjectMapper.java:291)
  com.gorski.apiproof.JavaToJson.buildMapper(JavaToJson.java:57)
  com.gorski.apiproof.JavaToJson.genericPost(JavaToJson.java:70)
  com.gorski.apiproof.TestCases.FirstRestTest.runTest(FirstRestTest.java:25)
  sun.reflect.NativeMethodAccessorImpl.invoke0(Native Method)
  sun.reflect.NativeMethodAccessorImpl.invoke(Unknown Source)
  sun.reflect.DelegatingMethodAccessorImpl.invoke(Unknown Source)
  java.lang.reflect.Method.invoke(Unknown Source)
  org.testng.internal.MethodInvocationHelper.invokeMethod(MethodInvocationHelper.java:85)
  org.testng.internal.Invoker.invokeMethod(Invoker.java:639)
  org.testng.internal.Invoker.invokeTestMethod(Invoker.java:816)
  org.testng.internal.Invoker.invokeTestMethods(Invoker.java:1124)
  org.testng.internal.TestMethodWorker.invokeTestMethods(TestMethodWorker.java:125)
  org.testng.internal.TestMethodWorker.run(TestMethodWorker.java:108)
  org.testng.TestRunner.privateRun(TestRunner.java:774)
  org.testng.TestRunner.run(TestRunner.java:624)
  org.testng.SuiteRunner.runTest(SuiteRunner.java:359)
  org.testng.SuiteRunner.runSequentially(SuiteRunner.java:354)
  org.testng.SuiteRunner.privateRun(SuiteRunner.java:312)
  org.testng.SuiteRunner.run(SuiteRunner.java:261)
  org.testng.SuiteRunnerWorker.runSuite(SuiteRunnerWorker.java:52)
  org.testng.SuiteRunnerWorker.run(SuiteRunnerWorker.java:86)
  org.testng.TestNG.runSuitesSequentially(TestNG.java:1215)
  org.testng.TestNG.runSuitesLocally(TestNG.java:1140)
  org.testng.TestNG.run(TestNG.java:1048)
  com.gorski.apiproof.RestTestDriver.main(RestTestDriver.java:122)
]]>
      </failure>

          </testcase>
  
  
  
</testsuite>
